# JRE version: OpenJDK Runtime Environment Temurin-21.0.8+9 (21.0.8+9) (build 21.0.8+9-LTS)
# Java VM: OpenJDK 64-Bit Server VM Temurin-21.0.8+9 (21.0.8+9-LTS, mixed mode, sharing, tiered, compressed oops, compressed class ptrs, parallel gc, windows-amd64)
GC Precious Log:
 CardTable entry size: 512
 CPUs: 8 total, 8 available
 Memory: 16118M
 Large Page Support: Disabled
 NUMA Support: Disabled
 Compressed Oops: Enabled (32-bit)
 Alignments: Space 512K, Generation 512K, Heap 2M
 Heap Min Capacity: 100M
 Heap Initial Capacity: 100M
 Heap Max Capacity: 2G
 Pre-touch: Disabled
 Parallel Workers: 8
Heap:
 PSYoungGen      total 14336K, used 6454K [0x00000000d5580000, 0x00000000d6880000, 0x0000000100000000)
  eden space 13824K, 43% used [0x00000000d5580000,0x00000000d5b59b18,0x00000000d6300000)
  from space 512K, 90% used [0x00000000d6800000,0x00000000d6874010,0x00000000d6880000)
  to   space 1024K, 0% used [0x00000000d6680000,0x00000000d6680000,0x00000000d6780000)
 ParOldGen       total 1001984K, used 1001564K [0x0000000080000000, 0x00000000bd280000, 0x00000000d5580000)
  object space 1001984K, 99% used [0x0000000080000000,0x00000000bd217030,0x00000000bd280000)
 Metaspace       used 82804K, committed 84544K, reserved 1179648K
  class space    used 8682K, committed 9472K, reserved 1048576K
GC Heap History (20 events):
Event: 123.884 GC heap after
{Heap after GC invocations=1964 (full 4):
 PSYoungGen      total 11776K, used 384K [0x00000000d5580000, 0x00000000d6a00000, 0x0000000100000000)
  eden space 11264K, 0% used [0x00000000d5580000,0x00000000d5580000,0x00000000d6080000)
  from space 512K, 75% used [0x00000000d6980000,0x00000000d69e0000,0x00000000d6a00000)
  to   space 512K, 0% used [0x00000000d6900000,0x00000000d6900000,0x00000000d6980000)
 ParOldGen       total 995328K, used 995177K [0x0000000080000000, 0x00000000bcc00000, 0x00000000d5580000)
  object space 995328K, 99% used [0x0000000080000000,0x00000000bcbda4c0,0x00000000bcc00000)
 Metaspace       used 82671K, committed 84416K, reserved 1179648K
  class space    used 8672K, committed 9472K, reserved 1048576K
}
Event: 123.923 GC heap before
{Heap before GC invocations=1965 (full 4):
 PSYoungGen      total 11776K, used 11647K [0x00000000d5580000, 0x00000000d6a00000, 0x0000000100000000)
  eden space 11264K, 99% used [0x00000000d5580000,0x00000000d607ff98,0x00000000d6080000)
  from space 512K, 75% used [0x00000000d6980000,0x00000000d69e0000,0x00000000d6a00000)
  to   space 512K, 0% used [0x00000000d6900000,0x00000000d6900000,0x00000000d6980000)
 ParOldGen       total 995328K, used 995177K [0x0000000080000000, 0x00000000bcc00000, 0x00000000d5580000)
  object space 995328K, 99% used [0x0000000080000000,0x00000000bcbda4c0,0x00000000bcc00000)
 Metaspace       used 82674K, committed 84416K, reserved 1179648K
  class space    used 8672K, committed 9472K, reserved 1048576K
}
Event: 123.928 GC heap after
{Heap after GC invocations=1965 (full 4):
 PSYoungGen      total 11776K, used 512K [0x00000000d5580000, 0x00000000d6a00000, 0x0000000100000000)
  eden space 11264K, 0% used [0x00000000d5580000,0x00000000d5580000,0x00000000d6080000)
  from space 512K, 100% used [0x00000000d6900000,0x00000000d6980000,0x00000000d6980000)
  to   space 512K, 0% used [0x00000000d6980000,0x00000000d6980000,0x00000000d6a00000)
 ParOldGen       total 995840K, used 995449K [0x0000000080000000, 0x00000000bcc80000, 0x00000000d5580000)
  object space 995840K, 99% used [0x0000000080000000,0x00000000bcc1e4c0,0x00000000bcc80000)
 Metaspace       used 82674K, committed 84416K, reserved 1179648K
  class space    used 8672K, committed 9472K, reserved 1048576K
}
Event: 123.970 GC heap before
{Heap before GC invocations=1966 (full 4):
 PSYoungGen      total 11776K, used 11715K [0x00000000d5580000, 0x00000000d6a00000, 0x0000000100000000)
  eden space 11264K, 99% used [0x00000000d5580000,0x00000000d6070d18,0x00000000d6080000)
  from space 512K, 100% used [0x00000000d6900000,0x00000000d6980000,0x00000000d6980000)
  to   space 512K, 0% used [0x00000000d6980000,0x00000000d6980000,0x00000000d6a00000)
 ParOldGen       total 995840K, used 995449K [0x0000000080000000, 0x00000000bcc80000, 0x00000000d5580000)
  object space 995840K, 99% used [0x0000000080000000,0x00000000bcc1e4c0,0x00000000bcc80000)
 Metaspace       used 82676K, committed 84416K, reserved 1179648K
  class space    used 8673K, committed 9472K, reserved 1048576K
}
Event: 123.976 GC heap after
{Heap after GC invocations=1966 (full 4):
 PSYoungGen      total 11776K, used 448K [0x00000000d5580000, 0x00000000d6a00000, 0x0000000100000000)
  eden space 11264K, 0% used [0x00000000d5580000,0x00000000d5580000,0x00000000d6080000)
  from space 512K, 87% used [0x00000000d6980000,0x00000000d69f0000,0x00000000d6a00000)
  to   space 1024K, 0% used [0x00000000d6800000,0x00000000d6800000,0x00000000d6900000)
 ParOldGen       total 996352K, used 995913K [0x0000000080000000, 0x00000000bcd00000, 0x00000000d5580000)
  object space 996352K, 99% used [0x0000000080000000,0x00000000bcc924c0,0x00000000bcd00000)
 Metaspace       used 82676K, committed 84416K, reserved 1179648K
  class space    used 8673K, committed 9472K, reserved 1048576K
}
Event: 124.001 GC heap before
{Heap before GC invocations=1967 (full 4):
 PSYoungGen      total 11776K, used 11712K [0x00000000d5580000, 0x00000000d6a00000, 0x0000000100000000)
  eden space 11264K, 100% used [0x00000000d5580000,0x00000000d6080000,0x00000000d6080000)
  from space 512K, 87% used [0x00000000d6980000,0x00000000d69f0000,0x00000000d6a00000)
  to   space 1024K, 0% used [0x00000000d6800000,0x00000000d6800000,0x00000000d6900000)
 ParOldGen       total 996352K, used 995913K [0x0000000080000000, 0x00000000bcd00000, 0x00000000d5580000)
  object space 996352K, 99% used [0x0000000080000000,0x00000000bcc924c0,0x00000000bcd00000)
 Metaspace       used 82676K, committed 84416K, reserved 1179648K
  class space    used 8673K, committed 9472K, reserved 1048576K
}
Event: 124.006 GC heap after
{Heap after GC invocations=1967 (full 4):
 PSYoungGen      total 12288K, used 480K [0x00000000d5580000, 0x00000000d6a00000, 0x0000000100000000)
  eden space 11264K, 0% used [0x00000000d5580000,0x00000000d5580000,0x00000000d6080000)
  from space 1024K, 46% used [0x00000000d6800000,0x00000000d6878000,0x00000000d6900000)
  to   space 512K, 0% used [0x00000000d6980000,0x00000000d6980000,0x00000000d6a00000)
 ParOldGen       total 996352K, used 996217K [0x0000000080000000, 0x00000000bcd00000, 0x00000000d5580000)
  object space 996352K, 99% used [0x0000000080000000,0x00000000bccde4c0,0x00000000bcd00000)
 Metaspace       used 82676K, committed 84416K, reserved 1179648K
  class space    used 8673K, committed 9472K, reserved 1048576K
}
Event: 124.117 GC heap before
{Heap before GC invocations=1968 (full 4):
 PSYoungGen      total 12288K, used 11744K [0x00000000d5580000, 0x00000000d6a00000, 0x0000000100000000)
  eden space 11264K, 100% used [0x00000000d5580000,0x00000000d6080000,0x00000000d6080000)
  from space 1024K, 46% used [0x00000000d6800000,0x00000000d6878000,0x00000000d6900000)
  to   space 512K, 0% used [0x00000000d6980000,0x00000000d6980000,0x00000000d6a00000)
 ParOldGen       total 996352K, used 996217K [0x0000000080000000, 0x00000000bcd00000, 0x00000000d5580000)
  object space 996352K, 99% used [0x0000000080000000,0x00000000bccde4c0,0x00000000bcd00000)
 Metaspace       used 82680K, committed 84416K, reserved 1179648K
  class space    used 8673K, committed 9472K, reserved 1048576K
}
Event: 124.123 GC heap after
{Heap after GC invocations=1968 (full 4):
 PSYoungGen      total 11776K, used 512K [0x00000000d5580000, 0x00000000d6a00000, 0x0000000100000000)
  eden space 11264K, 0% used [0x00000000d5580000,0x00000000d5580000,0x00000000d6080000)
  from space 512K, 100% used [0x00000000d6980000,0x00000000d6a00000,0x00000000d6a00000)
  to   space 1536K, 0% used [0x00000000d6700000,0x00000000d6700000,0x00000000d6880000)
 ParOldGen       total 996864K, used 996673K [0x0000000080000000, 0x00000000bcd80000, 0x00000000d5580000)
  object space 996864K, 99% used [0x0000000080000000,0x00000000bcd504c0,0x00000000bcd80000)
 Metaspace       used 82680K, committed 84416K, reserved 1179648K
  class space    used 8673K, committed 9472K, reserved 1048576K
}
Event: 124.187 GC heap before
{Heap before GC invocations=1969 (full 4):
 PSYoungGen      total 11776K, used 11776K [0x00000000d5580000, 0x00000000d6a00000, 0x0000000100000000)
  eden space 11264K, 100% used [0x00000000d5580000,0x00000000d6080000,0x00000000d6080000)
  from space 512K, 100% used [0x00000000d6980000,0x00000000d6a00000,0x00000000d6a00000)
  to   space 1536K, 0% used [0x00000000d6700000,0x00000000d6700000,0x00000000d6880000)
 ParOldGen       total 996864K, used 996673K [0x0000000080000000, 0x00000000bcd80000, 0x00000000d5580000)
  object space 996864K, 99% used [0x0000000080000000,0x00000000bcd504c0,0x00000000bcd80000)
 Metaspace       used 82680K, committed 84416K, reserved 1179648K
  class space    used 8673K, committed 9472K, reserved 1048576K
}
Event: 124.192 GC heap after
{Heap after GC invocations=1969 (full 4):
 PSYoungGen      total 12800K, used 288K [0x00000000d5580000, 0x00000000d6a00000, 0x0000000100000000)
  eden space 11264K, 0% used [0x00000000d5580000,0x00000000d5580000,0x00000000d6080000)
  from space 1536K, 18% used [0x00000000d6700000,0x00000000d6748000,0x00000000d6880000)
  to   space 1024K, 0% used [0x00000000d6900000,0x00000000d6900000,0x00000000d6a00000)
 ParOldGen       total 997376K, used 996945K [0x0000000080000000, 0x00000000bce00000, 0x00000000d5580000)
  object space 997376K, 99% used [0x0000000080000000,0x00000000bcd944c0,0x00000000bce00000)
 Metaspace       used 82680K, committed 84416K, reserved 1179648K
  class space    used 8673K, committed 9472K, reserved 1048576K
}
Event: 124.260 GC heap before
{Heap before GC invocations=1970 (full 4):
 PSYoungGen      total 12800K, used 11500K [0x00000000d5580000, 0x00000000d6a00000, 0x0000000100000000)
  eden space 11264K, 99% used [0x00000000d5580000,0x00000000d60731c8,0x00000000d6080000)
  from space 1536K, 18% used [0x00000000d6700000,0x00000000d6748000,0x00000000d6880000)
  to   space 1024K, 0% used [0x00000000d6900000,0x00000000d6900000,0x00000000d6a00000)
 ParOldGen       total 997376K, used 996945K [0x0000000080000000, 0x00000000bce00000, 0x00000000d5580000)
  object space 997376K, 99% used [0x0000000080000000,0x00000000bcd944c0,0x00000000bce00000)
 Metaspace       used 82684K, committed 84416K, reserved 1179648K
  class space    used 8673K, committed 9472K, reserved 1048576K
}
Event: 124.265 GC heap after
{Heap after GC invocations=1970 (full 4):
 PSYoungGen      total 12288K, used 873K [0x00000000d5580000, 0x00000000d6a00000, 0x0000000100000000)
  eden space 11264K, 0% used [0x00000000d5580000,0x00000000d5580000,0x00000000d6080000)
  from space 1024K, 85% used [0x00000000d6900000,0x00000000d69da610,0x00000000d6a00000)
  to   space 1024K, 0% used [0x00000000d6800000,0x00000000d6800000,0x00000000d6900000)
 ParOldGen       total 999424K, used 998731K [0x0000000080000000, 0x00000000bd000000, 0x00000000d5580000)
  object space 999424K, 99% used [0x0000000080000000,0x00000000bcf52f88,0x00000000bd000000)
 Metaspace       used 82684K, committed 84416K, reserved 1179648K
  class space    used 8673K, committed 9472K, reserved 1048576K
}
Event: 124.309 GC heap before
{Heap before GC invocations=1971 (full 4):
 PSYoungGen      total 12288K, used 10405K [0x00000000d5580000, 0x00000000d6a00000, 0x0000000100000000)
  eden space 11264K, 84% used [0x00000000d5580000,0x00000000d5ecf040,0x00000000d6080000)
  from space 1024K, 85% used [0x00000000d6900000,0x00000000d69da610,0x00000000d6a00000)
  to   space 1024K, 0% used [0x00000000d6800000,0x00000000d6800000,0x00000000d6900000)
 ParOldGen       total 999424K, used 998731K [0x0000000080000000, 0x00000000bd000000, 0x00000000d5580000)
  object space 999424K, 99% used [0x0000000080000000,0x00000000bcf52f88,0x00000000bd000000)
 Metaspace       used 82684K, committed 84416K, reserved 1179648K
  class space    used 8673K, committed 9472K, reserved 1048576K
}
Event: 124.315 GC heap after
{Heap after GC invocations=1971 (full 4):
 PSYoungGen      total 12288K, used 288K [0x00000000d5580000, 0x00000000d6980000, 0x0000000100000000)
  eden space 11264K, 0% used [0x00000000d5580000,0x00000000d5580000,0x00000000d6080000)
  from space 1024K, 28% used [0x00000000d6800000,0x00000000d6848000,0x00000000d6900000)
  to   space 512K, 0% used [0x00000000d6900000,0x00000000d6900000,0x00000000d6980000)
 ParOldGen       total 999424K, used 998827K [0x0000000080000000, 0x00000000bd000000, 0x00000000d5580000)
  object space 999424K, 99% used [0x0000000080000000,0x00000000bcf6af88,0x00000000bd000000)
 Metaspace       used 82684K, committed 84416K, reserved 1179648K
  class space    used 8673K, committed 9472K, reserved 1048576K
}
Event: 124.394 GC heap before
{Heap before GC invocations=1972 (full 4):
 PSYoungGen      total 12288K, used 11544K [0x00000000d5580000, 0x00000000d6980000, 0x0000000100000000)
  eden space 11264K, 99% used [0x00000000d5580000,0x00000000d607e0d8,0x00000000d6080000)
  from space 1024K, 28% used [0x00000000d6800000,0x00000000d6848000,0x00000000d6900000)
  to   space 512K, 0% used [0x00000000d6900000,0x00000000d6900000,0x00000000d6980000)
 ParOldGen       total 999424K, used 998827K [0x0000000080000000, 0x00000000bd000000, 0x00000000d5580000)
  object space 999424K, 99% used [0x0000000080000000,0x00000000bcf6af88,0x00000000bd000000)
 Metaspace       used 82704K, committed 84480K, reserved 1179648K
  class space    used 8673K, committed 9472K, reserved 1048576K
}
Event: 124.400 GC heap after
{Heap after GC invocations=1972 (full 4):
 PSYoungGen      total 11776K, used 502K [0x00000000d5580000, 0x00000000d6980000, 0x0000000100000000)
  eden space 11264K, 0% used [0x00000000d5580000,0x00000000d5580000,0x00000000d6080000)
  from space 512K, 98% used [0x00000000d6900000,0x00000000d697db00,0x00000000d6980000)
  to   space 3072K, 0% used [0x00000000d6380000,0x00000000d6380000,0x00000000d6680000)
 ParOldGen       total 1001472K, used 1000630K [0x0000000080000000, 0x00000000bd200000, 0x00000000d5580000)
  object space 1001472K, 99% used [0x0000000080000000,0x00000000bd12da50,0x00000000bd200000)
 Metaspace       used 82704K, committed 84480K, reserved 1179648K
  class space    used 8673K, committed 9472K, reserved 1048576K
}
Event: 124.472 GC heap before
{Heap before GC invocations=1973 (full 4):
 PSYoungGen      total 11776K, used 10395K [0x00000000d5580000, 0x00000000d6980000, 0x0000000100000000)
  eden space 11264K, 87% used [0x00000000d5580000,0x00000000d5f29448,0x00000000d6080000)
  from space 512K, 98% used [0x00000000d6900000,0x00000000d697db00,0x00000000d6980000)
  to   space 3072K, 0% used [0x00000000d6380000,0x00000000d6380000,0x00000000d6680000)
 ParOldGen       total 1001472K, used 1000630K [0x0000000080000000, 0x00000000bd200000, 0x00000000d5580000)
  object space 1001472K, 99% used [0x0000000080000000,0x00000000bd12da50,0x00000000bd200000)
 Metaspace       used 82708K, committed 84480K, reserved 1179648K
  class space    used 8673K, committed 9472K, reserved 1048576K
}
Event: 124.477 GC heap after
{Heap after GC invocations=1973 (full 4):
 PSYoungGen      total 14336K, used 963K [0x00000000d5580000, 0x00000000d6980000, 0x0000000100000000)
  eden space 11264K, 0% used [0x00000000d5580000,0x00000000d5580000,0x00000000d6080000)
  from space 3072K, 31% used [0x00000000d6380000,0x00000000d6470f18,0x00000000d6680000)
  to   space 1536K, 0% used [0x00000000d6800000,0x00000000d6800000,0x00000000d6980000)
 ParOldGen       total 1001472K, used 1000724K [0x0000000080000000, 0x00000000bd200000, 0x00000000d5580000)
  object space 1001472K, 99% used [0x0000000080000000,0x00000000bd145030,0x00000000bd200000)
 Metaspace       used 82708K, committed 84480K, reserved 1179648K
  class space    used 8673K, committed 9472K, reserved 1048576K
}
Event: 124.869 GC heap before
{Heap before GC invocations=1974 (full 4):
 PSYoungGen      total 14336K, used 12227K [0x00000000d5580000, 0x00000000d6980000, 0x0000000100000000)
  eden space 11264K, 99% used [0x00000000d5580000,0x00000000d607fff0,0x00000000d6080000)
  from space 3072K, 31% used [0x00000000d6380000,0x00000000d6470f18,0x00000000d6680000)
  to   space 1536K, 0% used [0x00000000d6800000,0x00000000d6800000,0x00000000d6980000)
 ParOldGen       total 1001472K, used 1000724K [0x0000000080000000, 0x00000000bd200000, 0x00000000d5580000)
  object space 1001472K, 99% used [0x0000000080000000,0x00000000bd145030,0x00000000bd200000)
 Metaspace       used 82786K, committed 84544K, reserved 1179648K
  class space    used 8682K, committed 9472K, reserved 1048576K
}

